Global:

  Symbol   Redirected to
  ------   -------------
  _Printf  _PrintfFullNoMb
  _Scanf   _ScanfFullNoMb
Loading object E:\Wen\JJProject\J1_APP\STM8L\Project\IAR\Debug\Obj\main.o.
              reference :  SystemClock_Init
              definition:  GotoApplication
              definition:  main
              definition:  reintvec
Loading object E:\Wen\JJProject\J1_APP\STM8L\Project\IAR\Debug\Obj\stm8l15x_clk.o.
              reference :  ?b0
              reference :  ?b1
              reference :  ?b2
              reference :  ?b3
              reference :  ?b4
              reference :  ?b5
              reference :  ?b6
              reference :  ?epilogue_l2
              reference :  ?mov_l0_l2
              reference :  ?push_l2
              reference :  ?sll16_x_x_a
              reference :  ?udiv32_l0_l0_l1
              reference :  ?w0
              reference :  ?w1
              reference :  ?w2
              reference :  ?w3
              reference :  ?w4
              reference :  ?w5
              definition:  CLK_AdjustHSICalibrationValue
              definition:  CLK_BEEPClockConfig
              definition:  CLK_CCOConfig
              definition:  CLK_ClearFlag
              definition:  CLK_ClearITPendingBit
              definition:  CLK_ClockSecuritySystemEnable
              definition:  CLK_ClockSecuritySytemDeglitchCmd
              definition:  CLK_DeInit
              definition:  CLK_GetClockFreq
              definition:  CLK_GetFlagStatus
              definition:  CLK_GetITStatus
              definition:  CLK_GetSYSCLKSource
              definition:  CLK_HSEConfig
              definition:  CLK_HSICmd
              definition:  CLK_HaltConfig
              definition:  CLK_ITConfig
              definition:  CLK_LSEClockSecuritySystemEnable
              definition:  CLK_LSEConfig
              definition:  CLK_LSICmd
              definition:  CLK_MainRegulatorCmd
              definition:  CLK_PeripheralClockConfig
              definition:  CLK_RTCCLKSwitchOnLSEFailureEnable
              definition:  CLK_RTCClockConfig
              definition:  CLK_SYSCLKDivConfig
              definition:  CLK_SYSCLKSourceConfig
              definition:  CLK_SYSCLKSourceSwitchCmd
              definition:  SYSDivFactor
              definition:  __iar_cc..FcVgtASKGF_
              definition:  __iar_cc..KxnpHKLj9q6
Loading object E:\Wen\JJProject\J1_APP\STM8L\Project\IAR\Debug\Obj\sysclock.o.
              reference :  CLK_GetSYSCLKSource
              reference :  CLK_SYSCLKDivConfig
              reference :  CLK_SYSCLKSourceConfig
              reference :  CLK_SYSCLKSourceSwitchCmd
              definition:  SystemClock_Init

Auto library: dlstm8smn.a -> C:\Program Files (x86)\IAR Systems\Embedded Workbench 8.0_2\stm8\lib\dlstm8smn.a
Auto library: dbgstm8smd.a -> C:\Program Files (x86)\IAR Systems\Embedded Workbench 8.0_2\stm8\lib\dbgstm8smd.a

Library configuration:

  no_inline  __DebugBreak
Selecting member cstartup.o(dlstm8smn.a) to define __iar_program_start.
              reference :  SHT$$INIT_ARRAY$$Limit
              reference :  SHT$$PREINIT_ARRAY$$Base
              reference :  __call_ctors
              reference :  __iar_data_init2
              reference :  __intvec
              reference :  __low_level_init
              reference :  exit
              reference :  main
              definition:  ??call_ctors
              definition:  __iar_cstart_call_ctors
              definition:  __iar_program_start
              reference :  CSTACK$$Limit
Selecting member vregs.o(dlstm8smn.a) to define ?b0.
              definition:  ?b0
              definition:  ?b1
              definition:  ?b10
              definition:  ?b11
              definition:  ?b12
              definition:  ?b13
              definition:  ?b14
              definition:  ?b15
              definition:  ?b2
              definition:  ?b3
              definition:  ?b4
              definition:  ?b5
              definition:  ?b6
              definition:  ?b7
              definition:  ?b8
              definition:  ?b9
              definition:  ?e0
              definition:  ?e1
              definition:  ?e2
              definition:  ?e3
              definition:  ?l0
              definition:  ?l1
              definition:  ?l2
              definition:  ?l3
              definition:  ?w0
              definition:  ?w1
              definition:  ?w2
              definition:  ?w3
              definition:  ?w4
              definition:  ?w5
              definition:  ?w6
              definition:  ?w7
Selecting member vreg_util.o(dlstm8smn.a) to define ?epilogue_l2.
              reference :  ?e0
              reference :  ?e1
              reference :  ?e2
              reference :  ?e3
              reference :  ?l0
              reference :  ?l1
              reference :  ?l2
              reference :  ?l3
              reference :  ?w0
              reference :  ?w1
              reference :  ?w2
              reference :  ?w3
              reference :  ?w4
              reference :  ?w5
              reference :  ?w6
              reference :  ?w7
              definition:  ?epilogue_l2
              definition:  ?epilogue_l2_l3
              definition:  ?epilogue_l2_w6
              definition:  ?epilogue_w4
              definition:  ?mov_e0_e1
              definition:  ?mov_e0_e2
              definition:  ?mov_e0_e3
              definition:  ?mov_e1_e0
              definition:  ?mov_e1_e2
              definition:  ?mov_e1_e3
              definition:  ?mov_e2_e0
              definition:  ?mov_e2_e1
              definition:  ?mov_e2_e3
              definition:  ?mov_e3_e0
              definition:  ?mov_e3_e1
              definition:  ?mov_e3_e2
              definition:  ?mov_l0_l1
              definition:  ?mov_l0_l2
              definition:  ?mov_l0_l3
              definition:  ?mov_l1_l0
              definition:  ?mov_l1_l2
              definition:  ?mov_l1_l3
              definition:  ?mov_l2_l0
              definition:  ?mov_l2_l1
              definition:  ?mov_l2_l3
              definition:  ?mov_l3_l0
              definition:  ?mov_l3_l1
              definition:  ?mov_l3_l2
              definition:  ?mov_w0_w1
              definition:  ?mov_w0_w2
              definition:  ?mov_w0_w3
              definition:  ?mov_w0_w4
              definition:  ?mov_w0_w5
              definition:  ?mov_w0_w6
              definition:  ?mov_w0_w7
              definition:  ?mov_w1_w0
              definition:  ?mov_w1_w2
              definition:  ?mov_w1_w3
              definition:  ?mov_w1_w4
              definition:  ?mov_w1_w5
              definition:  ?mov_w1_w6
              definition:  ?mov_w1_w7
              definition:  ?mov_w2_w0
              definition:  ?mov_w2_w1
              definition:  ?mov_w2_w3
              definition:  ?mov_w2_w4
              definition:  ?mov_w2_w5
              definition:  ?mov_w2_w6
              definition:  ?mov_w2_w7
              definition:  ?mov_w3_w0
              definition:  ?mov_w3_w1
              definition:  ?mov_w3_w2
              definition:  ?mov_w3_w4
              definition:  ?mov_w3_w5
              definition:  ?mov_w3_w6
              definition:  ?mov_w3_w7
              definition:  ?mov_w4_w0
              definition:  ?mov_w4_w1
              definition:  ?mov_w4_w2
              definition:  ?mov_w4_w3
              definition:  ?mov_w4_w5
              definition:  ?mov_w4_w6
              definition:  ?mov_w4_w7
              definition:  ?mov_w5_w0
              definition:  ?mov_w5_w1
              definition:  ?mov_w5_w2
              definition:  ?mov_w5_w3
              definition:  ?mov_w5_w4
              definition:  ?mov_w5_w6
              definition:  ?mov_w5_w7
              definition:  ?mov_w6_w0
              definition:  ?mov_w6_w1
              definition:  ?mov_w6_w2
              definition:  ?mov_w6_w3
              definition:  ?mov_w6_w4
              definition:  ?mov_w6_w5
              definition:  ?mov_w6_w7
              definition:  ?mov_w7_w0
              definition:  ?mov_w7_w1
              definition:  ?mov_w7_w2
              definition:  ?mov_w7_w3
              definition:  ?mov_w7_w4
              definition:  ?mov_w7_w5
              definition:  ?mov_w7_w6
              definition:  ?pop_e0
              definition:  ?pop_e1
              definition:  ?pop_e2
              definition:  ?pop_e3
              definition:  ?pop_l0
              definition:  ?pop_l1
              definition:  ?pop_l2
              definition:  ?pop_l3
              definition:  ?pop_w0
              definition:  ?pop_w1
              definition:  ?pop_w2
              definition:  ?pop_w3
              definition:  ?pop_w4
              definition:  ?pop_w5
              definition:  ?pop_w6
              definition:  ?pop_w7
              definition:  ?push_e0
              definition:  ?push_e1
              definition:  ?push_e2
              definition:  ?push_e3
              definition:  ?push_l0
              definition:  ?push_l1
              definition:  ?push_l2
              definition:  ?push_l3
              definition:  ?push_w0
              definition:  ?push_w1
              definition:  ?push_w2
              definition:  ?push_w3
              definition:  ?push_w4
              definition:  ?push_w5
              definition:  ?push_w6
              definition:  ?push_w7
Selecting member short.o(dlstm8smn.a) to define ?sll16_x_x_a.
              reference :  ?dc16_w0
              reference :  ?w0
              reference :  ?w1
              reference :  ?w2
              reference :  ?w3
              reference :  ?w4
              reference :  ?w5
              reference :  ?w6
              reference :  ?w7
              definition:  ?and16_x_x_dw
              definition:  ?and16_x_x_w0
              definition:  ?and16_x_x_w1
              definition:  ?and16_x_x_w2
              definition:  ?and16_x_x_w3
              definition:  ?and16_x_x_w4
              definition:  ?and16_x_x_w5
              definition:  ?and16_x_x_w6
              definition:  ?and16_x_x_w7
              definition:  ?mul16_x_x_w0
              definition:  ?or16_x_x_dw
              definition:  ?or16_x_x_w0
              definition:  ?or16_x_x_w1
              definition:  ?or16_x_x_w2
              definition:  ?or16_x_x_w3
              definition:  ?or16_x_x_w4
              definition:  ?or16_x_x_w5
              definition:  ?or16_x_x_w6
              definition:  ?or16_x_x_w7
              definition:  ?sdiv16_x_x_y
              definition:  ?sext16_x_a
              definition:  ?sll16_x_x_10
              definition:  ?sll16_x_x_11
              definition:  ?sll16_x_x_12
              definition:  ?sll16_x_x_13
              definition:  ?sll16_x_x_14
              definition:  ?sll16_x_x_15
              definition:  ?sll16_x_x_4
              definition:  ?sll16_x_x_5
              definition:  ?sll16_x_x_6
              definition:  ?sll16_x_x_7
              definition:  ?sll16_x_x_8
              definition:  ?sll16_x_x_9
              definition:  ?sll16_x_x_a
              definition:  ?smod16_y_x_y
              definition:  ?sra16_x_x_10
              definition:  ?sra16_x_x_11
              definition:  ?sra16_x_x_12
              definition:  ?sra16_x_x_13
              definition:  ?sra16_x_x_14
              definition:  ?sra16_x_x_15
              definition:  ?sra16_x_x_4
              definition:  ?sra16_x_x_5
              definition:  ?sra16_x_x_6
              definition:  ?sra16_x_x_7
              definition:  ?sra16_x_x_8
              definition:  ?sra16_x_x_9
              definition:  ?sra16_x_x_a
              definition:  ?srl16_x_x_10
              definition:  ?srl16_x_x_11
              definition:  ?srl16_x_x_12
              definition:  ?srl16_x_x_13
              definition:  ?srl16_x_x_14
              definition:  ?srl16_x_x_15
              definition:  ?srl16_x_x_4
              definition:  ?srl16_x_x_5
              definition:  ?srl16_x_x_6
              definition:  ?srl16_x_x_7
              definition:  ?srl16_x_x_8
              definition:  ?srl16_x_x_9
              definition:  ?srl16_x_x_a
              definition:  ?xor16_x_x_dw
              definition:  ?xor16_x_x_w0
              definition:  ?xor16_x_x_w1
              definition:  ?xor16_x_x_w2
              definition:  ?xor16_x_x_w3
              definition:  ?xor16_x_x_w4
              definition:  ?xor16_x_x_w5
              definition:  ?xor16_x_x_w6
              definition:  ?xor16_x_x_w7
Selecting member long.o(dlstm8smn.a) to define ?udiv32_l0_l0_l1.
              reference :  ?dc32_l0
              reference :  ?dc32_l1
              reference :  ?dc32_px
              reference :  ?dc8_px
              reference :  ?l0
              reference :  ?l1
              reference :  ?l2
              reference :  ?l3
              definition:  ?add32_l0_l0_0x
              definition:  ?add32_l0_l0_dl
              definition:  ?add32_l0_l0_l1
              definition:  ?and32_l0_l0_0x
              definition:  ?and32_l0_l0_l1
              definition:  ?dec32_0x_0x
              definition:  ?dec32_l0_l0
              definition:  ?dec32_l1_l1
              definition:  ?dec32_l2_l2
              definition:  ?dec32_l3_l3
              definition:  ?inc32_0x_0x
              definition:  ?inc32_l0_l0
              definition:  ?inc32_l1_l1
              definition:  ?inc32_l2_l2
              definition:  ?inc32_l3_l3
              definition:  ?mul32_l0_l0_0x
              definition:  ?mul32_l0_l0_dl
              definition:  ?mul32_l0_l0_l1
              definition:  ?neg32_l0_l0
              definition:  ?not32_l0_l0
              definition:  ?or32_l0_l0_0x
              definition:  ?or32_l0_l0_l1
              definition:  ?scmp32_c_l0_0x
              definition:  ?scmp32_c_l0_l1
              definition:  ?sdiv32_l0_dl_l1
              definition:  ?sdiv32_l0_l0_dl
              definition:  ?sdiv32_l0_l0_l1
              definition:  ?sext32_l0_a
              definition:  ?sext32_l0_x
              definition:  ?sll32_0x_0x_a
              definition:  ?sll32_l0_l0_a
              definition:  ?sll32_l0_l0_db
              definition:  ?smod32_l1_dl_l1
              definition:  ?smod32_l1_l0_dl
              definition:  ?smod32_l1_l0_l1
              definition:  ?sra32_0x_0x_a
              definition:  ?sra32_l0_l0_a
              definition:  ?sra32_l0_l0_db
              definition:  ?srl32_0x_0x_a
              definition:  ?srl32_l0_l0_a
              definition:  ?srl32_l0_l0_db
              definition:  ?sub32_l0_dl_l1
              definition:  ?sub32_l0_l0_0x
              definition:  ?sub32_l0_l0_dl
              definition:  ?sub32_l0_l0_l1
              definition:  ?ucmp32_c_l0_0x
              definition:  ?ucmp32_c_l0_l1
              definition:  ?udiv32_l0_dl_l1
              definition:  ?udiv32_l0_l0_dl
              definition:  ?udiv32_l0_l0_l1
              definition:  ?umod32_l1_dl_l1
              definition:  ?umod32_l1_l0_dl
              definition:  ?umod32_l1_l0_l1
              definition:  ?xor32_l0_l0_0x
              definition:  ?xor32_l0_l0_l1
Selecting member cppinit.o(dlstm8smn.a) to define __call_ctors.
              reference :  ?epilogue_l2
              reference :  ?push_l2
              reference :  ?w0
              reference :  ?w1
              reference :  ?w2
              reference :  ?w3
              reference :  ?w4
              reference :  ?w5
              reference :  __cstart_call_dtors
              definition:  __call_ctors
              definition:  __call_dtors
              definition:  __cxa_atexit
              definition:  __cxa_finalize
              definition:  __dso_handle
              reference :  .iar.dynexit$$Limit
              reference :  .iar.dynexit$$Base
Selecting member init.o(dlstm8smn.a) to define __iar_data_init2.
              definition:  __iar_data_init2
              reference :  Region$$Table$$Base
              reference :  Region$$Table$$Limit
Selecting member interrupt.o(dlstm8smn.a) to define __intvec.
              reference :  __iar_program_start
              reference :  __iar_unhandled_exception
              definition:  __intvec
              weak def  :  _interrupt_1
              weak def  :  _interrupt_10
              weak def  :  _interrupt_11
              weak def  :  _interrupt_12
              weak def  :  _interrupt_13
              weak def  :  _interrupt_14
              weak def  :  _interrupt_15
              weak def  :  _interrupt_16
              weak def  :  _interrupt_17
              weak def  :  _interrupt_18
              weak def  :  _interrupt_19
              weak def  :  _interrupt_2
              weak def  :  _interrupt_20
              weak def  :  _interrupt_21
              weak def  :  _interrupt_22
              weak def  :  _interrupt_23
              weak def  :  _interrupt_24
              weak def  :  _interrupt_25
              weak def  :  _interrupt_26
              weak def  :  _interrupt_27
              weak def  :  _interrupt_28
              weak def  :  _interrupt_29
              weak def  :  _interrupt_3
              weak def  :  _interrupt_30
              weak def  :  _interrupt_31
              weak def  :  _interrupt_4
              weak def  :  _interrupt_5
              weak def  :  _interrupt_6
              weak def  :  _interrupt_7
              weak def  :  _interrupt_8
              weak def  :  _interrupt_9
Selecting member low_level_init.o(dlstm8smn.a) to define __low_level_init.
              definition:  __low_level_init
Selecting member exit.o(dlstm8smn.a) to define exit.
              reference :  _exit
              definition:  exit
Selecting member dc_util.o(dlstm8smn.a) to define ?dc16_w0.
              reference :  ?load32_l0_0x
              reference :  ?load32_l1_0x
              reference :  ?load32_l2_0x
              reference :  ?load32_l3_0x
              reference :  ?w0
              reference :  ?w1
              reference :  ?w2
              reference :  ?w3
              reference :  ?w4
              reference :  ?w5
              reference :  ?w6
              reference :  ?w7
              definition:  ?dc16_px
              definition:  ?dc16_w0
              definition:  ?dc16_w1
              definition:  ?dc16_w2
              definition:  ?dc16_w3
              definition:  ?dc16_w4
              definition:  ?dc16_w5
              definition:  ?dc16_w6
              definition:  ?dc16_w7
              definition:  ?dc32_l0
              definition:  ?dc32_l1
              definition:  ?dc32_l2
              definition:  ?dc32_l3
              definition:  ?dc32_px
              definition:  ?dc8_px
Selecting member cexit.o(dlstm8smn.a) to define __cstart_call_dtors.
              reference :  _Close_all
              reference :  __call_dtors
              reference :  __exit
              reference :  __iar_clearlocks
              definition:  __cstart_call_dtors
              definition:  __cstart_clearlocks
              definition:  __cstart_closeall
              definition:  _exit
Selecting member unhandled_exception.o(dlstm8smn.a) to define __iar_unhandled_exception.
              definition:  __iar_unhandled_exception
Selecting member long_util.o(dlstm8smn.a) to define ?load32_l0_0x.
              reference :  ?l0
              reference :  ?l1
              reference :  ?l2
              reference :  ?l3
              definition:  ?load32_0x_l0
              definition:  ?load32_0x_l1
              definition:  ?load32_0x_l2
              definition:  ?load32_0x_l3
              definition:  ?load32_asp_l0
              definition:  ?load32_asp_l1
              definition:  ?load32_asp_l2
              definition:  ?load32_asp_l3
              definition:  ?load32_dbsp_l0
              definition:  ?load32_dbsp_l1
              definition:  ?load32_dbsp_l2
              definition:  ?load32_dbsp_l3
              definition:  ?load32_l0_0x
              definition:  ?load32_l0_asp
              definition:  ?load32_l0_dbsp
              definition:  ?load32_l0_xsp
              definition:  ?load32_l1_0x
              definition:  ?load32_l1_asp
              definition:  ?load32_l1_dbsp
              definition:  ?load32_l1_xsp
              definition:  ?load32_l2_0x
              definition:  ?load32_l2_asp
              definition:  ?load32_l2_dbsp
              definition:  ?load32_l2_xsp
              definition:  ?load32_l3_0x
              definition:  ?load32_l3_asp
              definition:  ?load32_l3_dbsp
              definition:  ?load32_l3_xsp
              definition:  ?load32_xsp_l0
              definition:  ?load32_xsp_l1
              definition:  ?load32_xsp_l2
              definition:  ?load32_xsp_l3
Selecting member xcloseall.o(dlstm8smn.a) to define _Close_all.
              reference :  ?b0
              reference :  ?b1
              reference :  __write
              definition:  _Close_all
Selecting member __dbg_xxexit.o(dbgstm8smd.a) to define __exit.
              reference :  ?push_w4
              reference :  ?w4
              reference :  __DebugBreak
              definition:  __exit
Selecting member __dbg_xxwrite.o(dbgstm8smd.a) to define __write.
              reference :  __dwrite
              definition:  __write
Selecting member __dbg_break.o(dbgstm8smd.a) to define __DebugBreak.
              definition:  __DebugBreak
Selecting member __dbg_xxdwrite.o(dbgstm8smd.a) to define __dwrite.
              reference :  ?w0
              reference :  __DebugBreak
              definition:  __dwrite
Selecting member init_small.o(dlstm8smn.a) to define __iar_zero_init2.
              reference :  ?w0
              reference :  ?w1
              definition:  __iar_copy_init2
              definition:  __iar_zero_init2
Resolving duplicate symbol definitions
*** Marking from roots ***
Marking symbol __iar_program_start              Glb (19 cstartup.o) [program entry]
  Marking fragment #713 .near_func.text (7 cstartup.o(dlstm8smn.a)) init:always
Marking symbol __iar_section$$root                  (3 main.o) [__root]
  Marking fragment #5 .intvec (10 main.o)
Marking symbol __iar_section$$root                  (3 cstartup.o) [__root]
  Marking fragment #715 .near_func.text (7 cstartup.o(dlstm8smn.a))
Marking symbol __iar_section$$root                  (3 interrupt.o) [__root]
  Marking fragment #573 .intvec (7 interrupt.o(dlstm8smn.a))
Marking symbol __iar_section$$root                  (3 unhandled_exception.o) [__root]
  Marking fragment #608 .near_func.text (6 unhandled_exception.o(dlstm8smn.a))
Marking from fragment #608 .near_func.text (6 unhandled_exception.o(dlstm8smn.a))
Marking from fragment #573 .intvec (7 interrupt.o(dlstm8smn.a))
  Marking symbol __iar_program_start              Glb (19 cstartup.o)
  Marking symbol _interrupt_1                         (12 interrupt.o)
    Marking fragment #572 .near_func.text (6 interrupt.o(dlstm8smn.a))
  Marking symbol _interrupt_2                         (23 interrupt.o)
  Marking symbol _interrupt_3                         (34 interrupt.o)
  Marking symbol _interrupt_4                         (37 interrupt.o)
  Marking symbol _interrupt_5                         (38 interrupt.o)
  Marking symbol _interrupt_6                         (39 interrupt.o)
  Marking symbol _interrupt_7                         (40 interrupt.o)
  Marking symbol _interrupt_8                         (41 interrupt.o)
  Marking symbol _interrupt_9                         (42 interrupt.o)
  Marking symbol _interrupt_10                        (13 interrupt.o)
  Marking symbol _interrupt_11                        (14 interrupt.o)
  Marking symbol _interrupt_12                        (15 interrupt.o)
  Marking symbol _interrupt_13                        (16 interrupt.o)
  Marking symbol _interrupt_14                        (17 interrupt.o)
  Marking symbol _interrupt_15                        (18 interrupt.o)
  Marking symbol _interrupt_16                        (19 interrupt.o)
  Marking symbol _interrupt_17                        (20 interrupt.o)
  Marking symbol _interrupt_18                        (21 interrupt.o)
  Marking symbol _interrupt_19                        (22 interrupt.o)
  Marking symbol _interrupt_20                        (24 interrupt.o)
  Marking symbol _interrupt_21                        (25 interrupt.o)
  Marking symbol _interrupt_22                        (26 interrupt.o)
  Marking symbol _interrupt_23                        (27 interrupt.o)
  Marking symbol _interrupt_24                        (28 interrupt.o)
  Marking symbol _interrupt_25                        (29 interrupt.o)
  Marking symbol _interrupt_26                        (30 interrupt.o)
  Marking symbol _interrupt_27                        (31 interrupt.o)
  Marking symbol _interrupt_28                        (32 interrupt.o)
  Marking symbol _interrupt_29                        (33 interrupt.o)
  Marking symbol _interrupt_30                        (35 interrupt.o)
  Marking symbol _interrupt_31                        (36 interrupt.o)
Marking from fragment #572 .near_func.text (6 interrupt.o(dlstm8smn.a))
  Marking symbol __iar_unhandled_exception        Glb (7 unhandled_exception.o)
Marking from fragment #715 .near_func.text (7 cstartup.o(dlstm8smn.a))
  Marking symbol main                             Glb (28 main.o)
    Marking fragment #3 .near_func.text (8 main.o)
  Marking symbol exit                             Glb (8 exit.o)
    Marking fragment #580 .near_func.text (6 exit.o(dlstm8smn.a))
Marking from fragment #580 .near_func.text (6 exit.o(dlstm8smn.a))
  Marking symbol _exit                            Glb (21 cexit.o)
    Marking fragment #979 .near_func.text (6 cexit.o(dlstm8smn.a))
Marking from fragment #979 .near_func.text (6 cexit.o(dlstm8smn.a))
  Marking symbol .near_func.text_5                    (12 cexit.o)
    Marking fragment #983 .near_func.text (6 cexit.o(dlstm8smn.a))
Marking from fragment #983 .near_func.text (6 cexit.o(dlstm8smn.a))
  Marking symbol __exit                           Glb (18 __dbg_xxexit.o)
    Marking fragment #651 .near_func.text (8 __dbg_xxexit.o(dbgstm8smd.a))
Marking from fragment #651 .near_func.text (8 __dbg_xxexit.o(dbgstm8smd.a))
  Marking symbol ?push_w4                         Glb (364 vreg_util.o)
    Marking fragment #722 .near_func.text (6 vreg_util.o(dlstm8smn.a))
  Marking symbol ?w4                              Glb (34 vregs.o)
    Marking fragment #716 .vregs (6 vregs.o(dlstm8smn.a))
  Marking symbol ?w4                              Glb (34 vregs.o)
  Marking symbol __DebugBreak                     Glb (15 __dbg_break.o)
    Marking fragment #681 .near_func.text (8 __dbg_break.o(dbgstm8smd.a))
Marking from fragment #681 .near_func.text (8 __dbg_break.o(dbgstm8smd.a))
Marking from fragment #716 .vregs (6 vregs.o(dlstm8smn.a))
Marking from fragment #722 .near_func.text (6 vreg_util.o(dlstm8smn.a))
  Marking symbol ?w4                              Glb (34 vregs.o)
  Marking symbol .near_func.text_9                    (16 vreg_util.o)
    Marking fragment #726 .near_func.text (6 vreg_util.o(dlstm8smn.a))
  Marking symbol .near_func.text_9                    (16 vreg_util.o)
Marking from fragment #726 .near_func.text (6 vreg_util.o(dlstm8smn.a))
Marking from fragment #3 .near_func.text (8 main.o)
  Marking symbol SystemClock_Init                 Glb (19 sysclock.o)
    Marking fragment #277 .near_func.text (8 sysclock.o)
Marking from fragment #277 .near_func.text (8 sysclock.o)
  Marking symbol CLK_SYSCLKSourceSwitchCmd        Glb (235 stm8l15x_clk.o)
    Marking fragment #44 .near_func.text (22 stm8l15x_clk.o)
  Marking symbol CLK_SYSCLKSourceConfig           Glb (234 stm8l15x_clk.o)
    Marking fragment #40 .near_func.text (18 stm8l15x_clk.o)
  Marking symbol CLK_SYSCLKDivConfig              Glb (233 stm8l15x_clk.o)
    Marking fragment #43 .near_func.text (21 stm8l15x_clk.o)
  Marking symbol CLK_GetSYSCLKSource              Glb (221 stm8l15x_clk.o)
    Marking fragment #41 .near_func.text (19 stm8l15x_clk.o)
Marking from fragment #41 .near_func.text (19 stm8l15x_clk.o)
Marking from fragment #43 .near_func.text (21 stm8l15x_clk.o)
Marking from fragment #40 .near_func.text (18 stm8l15x_clk.o)
Marking from fragment #44 .near_func.text (22 stm8l15x_clk.o)
Marking from fragment #5 .intvec (10 main.o)
Marking from fragment #713 .near_func.text (7 cstartup.o(dlstm8smn.a)) init:always
  Marking symbol __intvec                         Glb (11 interrupt.o)
    Marking fragment #573 .intvec (7 interrupt.o(dlstm8smn.a)) init:always
  Marking symbol CSTACK$$Limit                    Ext (20 cstartup.o)
  Marking symbol __low_level_init                 Glb (7 low_level_init.o)
    Marking fragment #576 .near_func.text (6 low_level_init.o(dlstm8smn.a)) init:always
  Marking symbol __iar_data_init2                 Glb (8 init.o)
    Marking fragment #567 .near_func.text (6 init.o(dlstm8smn.a)) init:always
Marking from fragment #567 .near_func.text (6 init.o(dlstm8smn.a)) init:always
  Marking symbol Region$$Table$$Base              Ext (9 init.o)
  Marking symbol Region$$Table$$Limit             Ext (10 init.o)
Marking from fragment #576 .near_func.text (6 low_level_init.o(dlstm8smn.a)) init:always
Marking from fragment #573 .intvec (7 interrupt.o(dlstm8smn.a)) init:always
  Marking symbol __iar_program_start              Glb (19 cstartup.o)
  Marking symbol _interrupt_1                         (12 interrupt.o)
    Marking fragment #572 .near_func.text (6 interrupt.o(dlstm8smn.a)) init:always
  Marking symbol _interrupt_2                         (23 interrupt.o)
  Marking symbol _interrupt_3                         (34 interrupt.o)
  Marking symbol _interrupt_4                         (37 interrupt.o)
  Marking symbol _interrupt_5                         (38 interrupt.o)
  Marking symbol _interrupt_6                         (39 interrupt.o)
  Marking symbol _interrupt_7                         (40 interrupt.o)
  Marking symbol _interrupt_8                         (41 interrupt.o)
  Marking symbol _interrupt_9                         (42 interrupt.o)
  Marking symbol _interrupt_10                        (13 interrupt.o)
  Marking symbol _interrupt_11                        (14 interrupt.o)
  Marking symbol _interrupt_12                        (15 interrupt.o)
  Marking symbol _interrupt_13                        (16 interrupt.o)
  Marking symbol _interrupt_14                        (17 interrupt.o)
  Marking symbol _interrupt_15                        (18 interrupt.o)
  Marking symbol _interrupt_16                        (19 interrupt.o)
  Marking symbol _interrupt_17                        (20 interrupt.o)
  Marking symbol _interrupt_18                        (21 interrupt.o)
  Marking symbol _interrupt_19                        (22 interrupt.o)
  Marking symbol _interrupt_20                        (24 interrupt.o)
  Marking symbol _interrupt_21                        (25 interrupt.o)
  Marking symbol _interrupt_22                        (26 interrupt.o)
  Marking symbol _interrupt_23                        (27 interrupt.o)
  Marking symbol _interrupt_24                        (28 interrupt.o)
  Marking symbol _interrupt_25                        (29 interrupt.o)
  Marking symbol _interrupt_26                        (30 interrupt.o)
  Marking symbol _interrupt_27                        (31 interrupt.o)
  Marking symbol _interrupt_28                        (32 interrupt.o)
  Marking symbol _interrupt_29                        (33 interrupt.o)
  Marking symbol _interrupt_30                        (35 interrupt.o)
  Marking symbol _interrupt_31                        (36 interrupt.o)
Marking from fragment #572 .near_func.text (6 interrupt.o(dlstm8smn.a)) init:always
  Marking symbol __iar_unhandled_exception        Glb (7 unhandled_exception.o)
    Marking fragment #608 .near_func.text (6 unhandled_exception.o(dlstm8smn.a)) init:always
Marking from fragment #608 .near_func.text (6 unhandled_exception.o(dlstm8smn.a)) init:always
*** Marking optional init routines ***
Marking fragment #710 .near_func.text (7 init_small.o(dlstm8smn.a)) {__iar_zero_init2} init:{__iar_zero_init2}
Marking fragment #709 .near_func.text (6 init_small.o(dlstm8smn.a)) {__iar_copy_init2} init:{__iar_copy_init2}
Marking from fragment #709 .near_func.text (6 init_small.o(dlstm8smn.a)) {__iar_copy_init2} init:{__iar_copy_init2}
  Marking symbol                                      (9 init_small.o)
  Marking symbol ?w0                              Glb (30 vregs.o)
    Marking fragment #716 .vregs (6 vregs.o(dlstm8smn.a)) {__iar_copy_init2} init:{__iar_copy_init2}
  Marking symbol ?w1                              Glb (31 vregs.o)
  Marking symbol ?w0                              Glb (30 vregs.o)
  Marking symbol ?w1                              Glb (31 vregs.o)
  Marking symbol __iar_copy_init2                 Glb (13 init_small.o)
Marking from fragment #716 .vregs (6 vregs.o(dlstm8smn.a)) {__iar_copy_init2} init:{__iar_copy_init2}
Marking from fragment #710 .near_func.text (7 init_small.o(dlstm8smn.a)) {__iar_zero_init2} init:{__iar_zero_init2}
  Marking symbol                                      (10 init_small.o)
  Marking symbol ?w0                              Glb (30 vregs.o)
    Marking fragment #716 .vregs (6 vregs.o(dlstm8smn.a)) {__iar_zero_init2} init:{__iar_zero_init2}
  Marking symbol ?w0                              Glb (30 vregs.o)
  Marking symbol __iar_zero_init2                 Glb (14 init_small.o)
Marking from fragment #716 .vregs (6 vregs.o(dlstm8smn.a)) {__iar_zero_init2} init:{__iar_zero_init2}
*** Marking debug sections ***
----- pass 1
References #5 .intvec (10 main.o)
  Marking fragment #7 .debug_info (12 main.o)
References #3 .near_func.text (8 main.o)
  Marking fragment #8 .debug_frame (13 main.o)
References #3 .near_func.text (8 main.o)
  Marking fragment #9 .iar.debug_line (15 main.o)
References #3 .near_func.text (8 main.o)
  Marking fragment #10 .debug_line (16 main.o)
References #3 .near_func.text (8 main.o)
  Marking fragment #11 .debug_info (17 main.o)
References #11 .debug_info (17 main.o)
  Marking fragment #19 .debug_pubnames (27 main.o)
References #3 .near_func.text (8 main.o)
  Marking fragment #20 .debug_aranges (29 main.o)
References #7 .debug_info (12 main.o)
  Marking fragment #24 .debug_pubnames (38 main.o)
References #3 .near_func.text (8 main.o)
  Marking fragment #25 .iar.debug_frame (41 main.o)
References #40 .near_func.text (18 stm8l15x_clk.o)
  Marking fragment #95 .debug_frame (82 stm8l15x_clk.o)
References #40 .near_func.text (18 stm8l15x_clk.o)
  Marking fragment #96 .iar.debug_line (84 stm8l15x_clk.o)
References #40 .near_func.text (18 stm8l15x_clk.o)
  Marking fragment #97 .debug_line (85 stm8l15x_clk.o)
References #40 .near_func.text (18 stm8l15x_clk.o)
  Marking fragment #98 .debug_info (86 stm8l15x_clk.o)
References #41 .near_func.text (19 stm8l15x_clk.o)
  Marking fragment #99 .debug_frame (87 stm8l15x_clk.o)
References #41 .near_func.text (19 stm8l15x_clk.o)
  Marking fragment #100 .iar.debug_line (89 stm8l15x_clk.o)
References #41 .near_func.text (19 stm8l15x_clk.o)
  Marking fragment #101 .debug_line (90 stm8l15x_clk.o)
References #41 .near_func.text (19 stm8l15x_clk.o)
  Marking fragment #102 .debug_info (91 stm8l15x_clk.o)
References #43 .near_func.text (21 stm8l15x_clk.o)
  Marking fragment #107 .debug_frame (97 stm8l15x_clk.o)
References #43 .near_func.text (21 stm8l15x_clk.o)
  Marking fragment #108 .iar.debug_line (99 stm8l15x_clk.o)
References #43 .near_func.text (21 stm8l15x_clk.o)
  Marking fragment #109 .debug_line (100 stm8l15x_clk.o)
References #43 .near_func.text (21 stm8l15x_clk.o)
  Marking fragment #110 .debug_info (101 stm8l15x_clk.o)
References #44 .near_func.text (22 stm8l15x_clk.o)
  Marking fragment #111 .debug_frame (102 stm8l15x_clk.o)
References #44 .near_func.text (22 stm8l15x_clk.o)
  Marking fragment #112 .iar.debug_line (104 stm8l15x_clk.o)
References #44 .near_func.text (22 stm8l15x_clk.o)
  Marking fragment #113 .debug_line (105 stm8l15x_clk.o)
References #44 .near_func.text (22 stm8l15x_clk.o)
  Marking fragment #114 .debug_info (106 stm8l15x_clk.o)
References #98 .debug_info (86 stm8l15x_clk.o)
  Marking fragment #214 .debug_pubnames (248 stm8l15x_clk.o)
References #40 .near_func.text (18 stm8l15x_clk.o)
  Marking fragment #215 .debug_aranges (250 stm8l15x_clk.o)
References #102 .debug_info (91 stm8l15x_clk.o)
  Marking fragment #216 .debug_pubnames (253 stm8l15x_clk.o)
References #41 .near_func.text (19 stm8l15x_clk.o)
  Marking fragment #217 .debug_aranges (255 stm8l15x_clk.o)
References #110 .debug_info (101 stm8l15x_clk.o)
  Marking fragment #220 .debug_pubnames (263 stm8l15x_clk.o)
References #43 .near_func.text (21 stm8l15x_clk.o)
  Marking fragment #221 .debug_aranges (265 stm8l15x_clk.o)
References #114 .debug_info (106 stm8l15x_clk.o)
  Marking fragment #222 .debug_pubnames (268 stm8l15x_clk.o)
References #44 .near_func.text (22 stm8l15x_clk.o)
  Marking fragment #223 .debug_aranges (270 stm8l15x_clk.o)
References #40 .near_func.text (18 stm8l15x_clk.o)
  Marking fragment #257 .iar.debug_frame (353 stm8l15x_clk.o)
References #41 .near_func.text (19 stm8l15x_clk.o)
  Marking fragment #258 .iar.debug_frame (355 stm8l15x_clk.o)
References #43 .near_func.text (21 stm8l15x_clk.o)
  Marking fragment #260 .iar.debug_frame (359 stm8l15x_clk.o)
References #44 .near_func.text (22 stm8l15x_clk.o)
  Marking fragment #261 .iar.debug_frame (361 stm8l15x_clk.o)
References #277 .near_func.text (8 sysclock.o)
  Marking fragment #279 .debug_frame (10 sysclock.o)
References #277 .near_func.text (8 sysclock.o)
  Marking fragment #280 .iar.debug_line (12 sysclock.o)
References #277 .near_func.text (8 sysclock.o)
  Marking fragment #281 .debug_line (13 sysclock.o)
References #277 .near_func.text (8 sysclock.o)
  Marking fragment #282 .debug_info (14 sysclock.o)
References #282 .debug_info (14 sysclock.o)
  Marking fragment #285 .debug_pubnames (18 sysclock.o)
References #277 .near_func.text (8 sysclock.o)
  Marking fragment #286 .debug_aranges (20 sysclock.o)
References #277 .near_func.text (8 sysclock.o)
  Marking fragment #288 .iar.debug_frame (24 sysclock.o)
References #722 .near_func.text (6 vreg_util.o(dlstm8smn.a))
  Marking fragment #411 .iar.debug_frame (236 vreg_util.o(dlstm8smn.a))
References #726 .near_func.text (6 vreg_util.o(dlstm8smn.a))
  Marking fragment #415 .iar.debug_frame (244 vreg_util.o(dlstm8smn.a))
References #567 .near_func.text (6 init.o(dlstm8smn.a))
  Marking fragment #570 .debug_frame (9 init.o(dlstm8smn.a))
References #572 .near_func.text (6 interrupt.o(dlstm8smn.a))
  Marking fragment #574 .debug_frame (8 interrupt.o(dlstm8smn.a))
References #576 .near_func.text (6 low_level_init.o(dlstm8smn.a))
  Marking fragment #578 .debug_frame (8 low_level_init.o(dlstm8smn.a))
References #580 .near_func.text (6 exit.o(dlstm8smn.a))
  Marking fragment #582 .debug_frame (8 exit.o(dlstm8smn.a))
References #979 .near_func.text (6 cexit.o(dlstm8smn.a))
  Marking fragment #602 .debug_frame (7 cexit.o(dlstm8smn.a))
References #983 .near_func.text (6 cexit.o(dlstm8smn.a))
  Marking fragment #606 .debug_frame (15 cexit.o(dlstm8smn.a))
References #608 .near_func.text (6 unhandled_exception.o(dlstm8smn.a))
  Marking fragment #609 .debug_frame (7 unhandled_exception.o(dlstm8smn.a))
References #651 .near_func.text (8 __dbg_xxexit.o(dbgstm8smd.a))
  Marking fragment #653 .debug_frame (10 __dbg_xxexit.o(dbgstm8smd.a))
References #651 .near_func.text (8 __dbg_xxexit.o(dbgstm8smd.a))
  Marking fragment #654 .iar.debug_line (12 __dbg_xxexit.o(dbgstm8smd.a))
References #651 .near_func.text (8 __dbg_xxexit.o(dbgstm8smd.a))
  Marking fragment #655 .debug_line (13 __dbg_xxexit.o(dbgstm8smd.a))
References #651 .near_func.text (8 __dbg_xxexit.o(dbgstm8smd.a))
  Marking fragment #656 .debug_info (14 __dbg_xxexit.o(dbgstm8smd.a))
References #656 .debug_info (14 __dbg_xxexit.o(dbgstm8smd.a))
  Marking fragment #659 .debug_pubnames (18 __dbg_xxexit.o(dbgstm8smd.a))
References #651 .near_func.text (8 __dbg_xxexit.o(dbgstm8smd.a))
  Marking fragment #660 .debug_aranges (20 __dbg_xxexit.o(dbgstm8smd.a))
References #651 .near_func.text (8 __dbg_xxexit.o(dbgstm8smd.a))
  Marking fragment #662 .iar.debug_frame (24 __dbg_xxexit.o(dbgstm8smd.a))
References #681 .near_func.text (8 __dbg_break.o(dbgstm8smd.a))
  Marking fragment #683 .debug_frame (10 __dbg_break.o(dbgstm8smd.a))
References #681 .near_func.text (8 __dbg_break.o(dbgstm8smd.a))
  Marking fragment #684 .iar.debug_line (12 __dbg_break.o(dbgstm8smd.a))
References #681 .near_func.text (8 __dbg_break.o(dbgstm8smd.a))
  Marking fragment #685 .debug_line (13 __dbg_break.o(dbgstm8smd.a))
References #681 .near_func.text (8 __dbg_break.o(dbgstm8smd.a))
  Marking fragment #686 .debug_info (14 __dbg_break.o(dbgstm8smd.a))
References #686 .debug_info (14 __dbg_break.o(dbgstm8smd.a))
  Marking fragment #689 .debug_pubnames (18 __dbg_break.o(dbgstm8smd.a))
References #681 .near_func.text (8 __dbg_break.o(dbgstm8smd.a))
  Marking fragment #690 .debug_aranges (20 __dbg_break.o(dbgstm8smd.a))
References #681 .near_func.text (8 __dbg_break.o(dbgstm8smd.a))
  Marking fragment #692 .iar.debug_frame (24 __dbg_break.o(dbgstm8smd.a))
References #709 .near_func.text (6 init_small.o(dlstm8smn.a))
  Marking fragment #711 .debug_frame (8 init_small.o(dlstm8smn.a)) {__iar_copy_init2}
References #710 .near_func.text (7 init_small.o(dlstm8smn.a))
  Marking fragment #712 .debug_frame (10 init_small.o(dlstm8smn.a)) {__iar_zero_init2}
----- pass 2
----- marking from debug sections
Marking from fragment #712 .debug_frame (10 init_small.o(dlstm8smn.a)) {__iar_zero_init2}
  Marking symbol .debug_frame10                       (7 init_small.o)
  Marking symbol .near_func.text7                     (6 init_small.o)
Marking from fragment #711 .debug_frame (8 init_small.o(dlstm8smn.a)) {__iar_copy_init2}
  Marking symbol .debug_frame8                        (4 init_small.o)
  Marking symbol .near_func.text6                     (3 init_small.o)
Marking from fragment #692 .iar.debug_frame (24 __dbg_break.o(dbgstm8smd.a))
  Marking symbol .near_func.text8                     (3 __dbg_break.o)
  Marking symbol .debug_frame10                       (4 __dbg_break.o)
  Marking symbol .debug_info14                        (12 __dbg_break.o)
Marking from fragment #690 .debug_aranges (20 __dbg_break.o(dbgstm8smd.a))
  Marking symbol .debug_info14                        (12 __dbg_break.o)
  Marking symbol .near_func.text8                     (3 __dbg_break.o)
Marking from fragment #689 .debug_pubnames (18 __dbg_break.o(dbgstm8smd.a))
  Marking symbol .debug_info14                        (12 __dbg_break.o)
Marking from fragment #686 .debug_info (14 __dbg_break.o(dbgstm8smd.a))
  Marking symbol .debug_abbrev16                      (7 __dbg_break.o)
    Marking fragment #688 .debug_abbrev (16 __dbg_break.o(dbgstm8smd.a))
  Marking symbol .near_func.text8                     (3 __dbg_break.o)
  Marking symbol .near_func.text8                     (3 __dbg_break.o)
  Marking symbol .debug_line13                        (10 __dbg_break.o)
  Marking symbol .iar.debug_line12                    (11 __dbg_break.o)
  Marking symbol .debug_info7                         (9 __dbg_break.o)
    Marking fragment #680 .debug_info (7 __dbg_break.o(dbgstm8smd.a))
  Marking symbol .debug_loc15                         (8 __dbg_break.o)
    Marking fragment #687 .debug_loc (15 __dbg_break.o(dbgstm8smd.a))
  Marking symbol .near_func.text8                     (3 __dbg_break.o)
  Marking symbol .near_func.text8                     (3 __dbg_break.o)
  Marking symbol .debug_info7                         (9 __dbg_break.o)
  Marking symbol .debug_info7                         (9 __dbg_break.o)
Marking from fragment #687 .debug_loc (15 __dbg_break.o(dbgstm8smd.a))
Marking from fragment #680 .debug_info (7 __dbg_break.o(dbgstm8smd.a))
  Marking symbol .debug_abbrev16                      (7 __dbg_break.o)
  Marking symbol .debug_line6                         (13 __dbg_break.o)
    Marking fragment #679 .debug_line (6 __dbg_break.o(dbgstm8smd.a))
  Marking symbol .debug_macinfo22                     (14 __dbg_break.o)
    Marking fragment #691 .debug_macinfo (22 __dbg_break.o(dbgstm8smd.a))
Marking from fragment #691 .debug_macinfo (22 __dbg_break.o(dbgstm8smd.a))
Marking from fragment #679 .debug_line (6 __dbg_break.o(dbgstm8smd.a))
Marking from fragment #688 .debug_abbrev (16 __dbg_break.o(dbgstm8smd.a))
Marking from fragment #685 .debug_line (13 __dbg_break.o(dbgstm8smd.a))
  Marking symbol .near_func.text8                     (3 __dbg_break.o)
Marking from fragment #684 .iar.debug_line (12 __dbg_break.o(dbgstm8smd.a))
  Marking symbol .near_func.text8                     (3 __dbg_break.o)
  Marking symbol .debug_info14                        (12 __dbg_break.o)
Marking from fragment #683 .debug_frame (10 __dbg_break.o(dbgstm8smd.a))
  Marking symbol .debug_frame10                       (4 __dbg_break.o)
  Marking symbol .near_func.text8                     (3 __dbg_break.o)
Marking from fragment #662 .iar.debug_frame (24 __dbg_xxexit.o(dbgstm8smd.a))
  Marking symbol .near_func.text8                     (3 __dbg_xxexit.o)
  Marking symbol .debug_frame10                       (4 __dbg_xxexit.o)
  Marking symbol .debug_info14                        (12 __dbg_xxexit.o)
Marking from fragment #660 .debug_aranges (20 __dbg_xxexit.o(dbgstm8smd.a))
  Marking symbol .debug_info14                        (12 __dbg_xxexit.o)
  Marking symbol .near_func.text8                     (3 __dbg_xxexit.o)
Marking from fragment #659 .debug_pubnames (18 __dbg_xxexit.o(dbgstm8smd.a))
  Marking symbol .debug_info14                        (12 __dbg_xxexit.o)
Marking from fragment #656 .debug_info (14 __dbg_xxexit.o(dbgstm8smd.a))
  Marking symbol .debug_abbrev16                      (7 __dbg_xxexit.o)
    Marking fragment #658 .debug_abbrev (16 __dbg_xxexit.o(dbgstm8smd.a))
  Marking symbol .near_func.text8                     (3 __dbg_xxexit.o)
  Marking symbol .near_func.text8                     (3 __dbg_xxexit.o)
  Marking symbol .debug_line13                        (10 __dbg_xxexit.o)
  Marking symbol .iar.debug_line12                    (11 __dbg_xxexit.o)
  Marking symbol .debug_info7                         (9 __dbg_xxexit.o)
    Marking fragment #650 .debug_info (7 __dbg_xxexit.o(dbgstm8smd.a))
  Marking symbol .debug_loc15                         (8 __dbg_xxexit.o)
    Marking fragment #657 .debug_loc (15 __dbg_xxexit.o(dbgstm8smd.a))
  Marking symbol .near_func.text8                     (3 __dbg_xxexit.o)
  Marking symbol .near_func.text8                     (3 __dbg_xxexit.o)
  Marking symbol .debug_info7                         (9 __dbg_xxexit.o)
  Marking symbol .debug_loc15                         (8 __dbg_xxexit.o)
  Marking symbol .near_func.text8                     (3 __dbg_xxexit.o)
  Marking symbol .near_func.text8                     (3 __dbg_xxexit.o)
  Marking symbol .near_func.text8                     (3 __dbg_xxexit.o)
  Marking symbol .near_func.text8                     (3 __dbg_xxexit.o)
  Marking symbol .debug_info7                         (9 __dbg_xxexit.o)
  Marking symbol .debug_loc15                         (8 __dbg_xxexit.o)
Marking from fragment #657 .debug_loc (15 __dbg_xxexit.o(dbgstm8smd.a))
Marking from fragment #650 .debug_info (7 __dbg_xxexit.o(dbgstm8smd.a))
  Marking symbol .debug_abbrev16                      (7 __dbg_xxexit.o)
  Marking symbol .debug_line6                         (13 __dbg_xxexit.o)
    Marking fragment #649 .debug_line (6 __dbg_xxexit.o(dbgstm8smd.a))
  Marking symbol .debug_macinfo22                     (14 __dbg_xxexit.o)
    Marking fragment #661 .debug_macinfo (22 __dbg_xxexit.o(dbgstm8smd.a))
Marking from fragment #661 .debug_macinfo (22 __dbg_xxexit.o(dbgstm8smd.a))
Marking from fragment #649 .debug_line (6 __dbg_xxexit.o(dbgstm8smd.a))
Marking from fragment #658 .debug_abbrev (16 __dbg_xxexit.o(dbgstm8smd.a))
Marking from fragment #655 .debug_line (13 __dbg_xxexit.o(dbgstm8smd.a))
  Marking symbol .near_func.text8                     (3 __dbg_xxexit.o)
Marking from fragment #654 .iar.debug_line (12 __dbg_xxexit.o(dbgstm8smd.a))
  Marking symbol .near_func.text8                     (3 __dbg_xxexit.o)
  Marking symbol .debug_info14                        (12 __dbg_xxexit.o)
  Marking symbol __DebugBreak                     Glb (15 __dbg_break.o)
Marking from fragment #653 .debug_frame (10 __dbg_xxexit.o(dbgstm8smd.a))
  Marking symbol .debug_frame10                       (4 __dbg_xxexit.o)
  Marking symbol .near_func.text8                     (3 __dbg_xxexit.o)
Marking from fragment #609 .debug_frame (7 unhandled_exception.o(dlstm8smn.a))
  Marking symbol .debug_frame7                        (5 unhandled_exception.o)
  Marking symbol .near_func.text6                     (4 unhandled_exception.o)
Marking from fragment #606 .debug_frame (15 cexit.o(dlstm8smn.a))
  Marking symbol .debug_frame15                       (13 cexit.o)
  Marking symbol .near_func.text_5                    (12 cexit.o)
Marking from fragment #602 .debug_frame (7 cexit.o(dlstm8smn.a))
  Marking symbol .debug_frame7                        (4 cexit.o)
  Marking symbol .near_func.text6                     (3 cexit.o)
Marking from fragment #582 .debug_frame (8 exit.o(dlstm8smn.a))
  Marking symbol .debug_frame8                        (4 exit.o)
  Marking symbol .near_func.text6                     (3 exit.o)
Marking from fragment #578 .debug_frame (8 low_level_init.o(dlstm8smn.a))
  Marking symbol .debug_frame8                        (4 low_level_init.o)
  Marking symbol .near_func.text6                     (3 low_level_init.o)
Marking from fragment #574 .debug_frame (8 interrupt.o(dlstm8smn.a))
  Marking symbol .debug_frame8                        (5 interrupt.o)
  Marking symbol .near_func.text6                     (4 interrupt.o)
Marking from fragment #570 .debug_frame (9 init.o(dlstm8smn.a))
  Marking symbol .debug_frame9                        (4 init.o)
  Marking symbol .near_func.text6                     (3 init.o)
Marking from fragment #415 .iar.debug_frame (244 vreg_util.o(dlstm8smn.a))
  Marking symbol .near_func.text_9                    (16 vreg_util.o)
  Marking symbol .iar.debug_frame7                    (4 vreg_util.o)
    Marking fragment #296 .iar.debug_frame (7 vreg_util.o(dlstm8smn.a))
Marking from fragment #296 .iar.debug_frame (7 vreg_util.o(dlstm8smn.a))
  Marking symbol .iar.debug_frame8                    (5 vreg_util.o)
    Marking fragment #297 .iar.debug_frame (8 vreg_util.o(dlstm8smn.a))
  Marking symbol .iar.debug_frame12                   (7 vreg_util.o)
    Marking fragment #299 .iar.debug_frame (12 vreg_util.o(dlstm8smn.a))
Marking from fragment #299 .iar.debug_frame (12 vreg_util.o(dlstm8smn.a))
  Marking symbol .iar.debug_frame9                    (6 vreg_util.o)
    Marking fragment #298 .iar.debug_frame (9 vreg_util.o(dlstm8smn.a))
Marking from fragment #298 .iar.debug_frame (9 vreg_util.o(dlstm8smn.a))
Marking from fragment #297 .iar.debug_frame (8 vreg_util.o(dlstm8smn.a))
  Marking symbol .iar.debug_frame9                    (6 vreg_util.o)
Marking from fragment #411 .iar.debug_frame (236 vreg_util.o(dlstm8smn.a))
  Marking symbol .near_func.text_5                    (12 vreg_util.o)
  Marking symbol .iar.debug_frame7                    (4 vreg_util.o)
Marking from fragment #288 .iar.debug_frame (24 sysclock.o)
  Marking symbol .near_func.text8                     (3 sysclock.o)
  Marking symbol .debug_frame10                       (4 sysclock.o)
  Marking symbol .debug_info14                        (12 sysclock.o)
Marking from fragment #286 .debug_aranges (20 sysclock.o)
  Marking symbol .debug_info14                        (12 sysclock.o)
  Marking symbol .near_func.text8                     (3 sysclock.o)
Marking from fragment #285 .debug_pubnames (18 sysclock.o)
  Marking symbol .debug_info14                        (12 sysclock.o)
Marking from fragment #282 .debug_info (14 sysclock.o)
  Marking symbol .debug_abbrev16                      (7 sysclock.o)
    Marking fragment #284 .debug_abbrev (16 sysclock.o)
  Marking symbol .debug_info7                         (8 sysclock.o)
    Marking fragment #276 .debug_info (7 sysclock.o)
  Marking symbol .near_func.text8                     (3 sysclock.o)
  Marking symbol .near_func.text8                     (3 sysclock.o)
  Marking symbol .debug_line13                        (10 sysclock.o)
  Marking symbol .iar.debug_line12                    (11 sysclock.o)
  Marking symbol .debug_info7                         (8 sysclock.o)
  Marking symbol .debug_loc15                         (9 sysclock.o)
    Marking fragment #283 .debug_loc (15 sysclock.o)
  Marking symbol .near_func.text8                     (3 sysclock.o)
  Marking symbol .near_func.text8                     (3 sysclock.o)
Marking from fragment #283 .debug_loc (15 sysclock.o)
Marking from fragment #276 .debug_info (7 sysclock.o)
  Marking symbol .debug_abbrev16                      (7 sysclock.o)
  Marking symbol .debug_line6                         (13 sysclock.o)
    Marking fragment #275 .debug_line (6 sysclock.o)
  Marking symbol .debug_macinfo22                     (14 sysclock.o)
    Marking fragment #287 .debug_macinfo (22 sysclock.o)
Marking from fragment #287 .debug_macinfo (22 sysclock.o)
Marking from fragment #275 .debug_line (6 sysclock.o)
Marking from fragment #284 .debug_abbrev (16 sysclock.o)
Marking from fragment #281 .debug_line (13 sysclock.o)
  Marking symbol .near_func.text8                     (3 sysclock.o)
Marking from fragment #280 .iar.debug_line (12 sysclock.o)
  Marking symbol .near_func.text8                     (3 sysclock.o)
  Marking symbol .debug_info14                        (12 sysclock.o)
  Marking symbol CLK_SYSCLKSourceSwitchCmd        Glb (235 stm8l15x_clk.o)
  Marking symbol CLK_SYSCLKSourceConfig           Glb (234 stm8l15x_clk.o)
  Marking symbol CLK_SYSCLKDivConfig              Glb (233 stm8l15x_clk.o)
  Marking symbol CLK_GetSYSCLKSource              Glb (221 stm8l15x_clk.o)
Marking from fragment #279 .debug_frame (10 sysclock.o)
  Marking symbol .debug_frame10                       (4 sysclock.o)
  Marking symbol .near_func.text8                     (3 sysclock.o)
Marking from fragment #261 .iar.debug_frame (361 stm8l15x_clk.o)
  Marking symbol .near_func.text22                    (43 stm8l15x_clk.o)
  Marking symbol .debug_frame102                      (44 stm8l15x_clk.o)
  Marking symbol .debug_info106                       (143 stm8l15x_clk.o)
Marking from fragment #260 .iar.debug_frame (359 stm8l15x_clk.o)
  Marking symbol .near_func.text21                    (40 stm8l15x_clk.o)
  Marking symbol .debug_frame97                       (41 stm8l15x_clk.o)
  Marking symbol .debug_info101                       (139 stm8l15x_clk.o)
Marking from fragment #258 .iar.debug_frame (355 stm8l15x_clk.o)
  Marking symbol .near_func.text19                    (34 stm8l15x_clk.o)
  Marking symbol .debug_frame87                       (35 stm8l15x_clk.o)
  Marking symbol .debug_info91                        (131 stm8l15x_clk.o)
Marking from fragment #257 .iar.debug_frame (353 stm8l15x_clk.o)
  Marking symbol .near_func.text18                    (31 stm8l15x_clk.o)
  Marking symbol .debug_frame82                       (32 stm8l15x_clk.o)
  Marking symbol .debug_info86                        (127 stm8l15x_clk.o)
Marking from fragment #223 .debug_aranges (270 stm8l15x_clk.o)
  Marking symbol .debug_info106                       (143 stm8l15x_clk.o)
  Marking symbol .near_func.text22                    (43 stm8l15x_clk.o)
Marking from fragment #222 .debug_pubnames (268 stm8l15x_clk.o)
  Marking symbol .debug_info106                       (143 stm8l15x_clk.o)
Marking from fragment #221 .debug_aranges (265 stm8l15x_clk.o)
  Marking symbol .debug_info101                       (139 stm8l15x_clk.o)
  Marking symbol .near_func.text21                    (40 stm8l15x_clk.o)
Marking from fragment #220 .debug_pubnames (263 stm8l15x_clk.o)
  Marking symbol .debug_info101                       (139 stm8l15x_clk.o)
Marking from fragment #217 .debug_aranges (255 stm8l15x_clk.o)
  Marking symbol .debug_info91                        (131 stm8l15x_clk.o)
  Marking symbol .near_func.text19                    (34 stm8l15x_clk.o)
Marking from fragment #216 .debug_pubnames (253 stm8l15x_clk.o)
  Marking symbol .debug_info91                        (131 stm8l15x_clk.o)
Marking from fragment #215 .debug_aranges (250 stm8l15x_clk.o)
  Marking symbol .debug_info86                        (127 stm8l15x_clk.o)
  Marking symbol .near_func.text18                    (31 stm8l15x_clk.o)
Marking from fragment #214 .debug_pubnames (248 stm8l15x_clk.o)
  Marking symbol .debug_info86                        (127 stm8l15x_clk.o)
Marking from fragment #114 .debug_info (106 stm8l15x_clk.o)
  Marking symbol .debug_abbrev198                     (83 stm8l15x_clk.o)
    Marking fragment #194 .debug_abbrev (198 stm8l15x_clk.o)
  Marking symbol .debug_info7                         (84 stm8l15x_clk.o)
    Marking fragment #29 .debug_info (7 stm8l15x_clk.o)
  Marking symbol .near_func.text22                    (43 stm8l15x_clk.o)
  Marking symbol .near_func.text22                    (43 stm8l15x_clk.o)
  Marking symbol .debug_line105                       (141 stm8l15x_clk.o)
  Marking symbol .iar.debug_line104                   (142 stm8l15x_clk.o)
  Marking symbol .debug_info7                         (84 stm8l15x_clk.o)
  Marking symbol .debug_loc184                        (140 stm8l15x_clk.o)
    Marking fragment #180 .debug_loc (184 stm8l15x_clk.o)
  Marking symbol .near_func.text22                    (43 stm8l15x_clk.o)
  Marking symbol .near_func.text22                    (43 stm8l15x_clk.o)
  Marking symbol .debug_info7                         (84 stm8l15x_clk.o)
  Marking symbol .debug_loc184                        (140 stm8l15x_clk.o)
Marking from fragment #180 .debug_loc (184 stm8l15x_clk.o)
Marking from fragment #29 .debug_info (7 stm8l15x_clk.o)
  Marking symbol .debug_abbrev198                     (83 stm8l15x_clk.o)
  Marking symbol .debug_line6                         (85 stm8l15x_clk.o)
    Marking fragment #28 .debug_line (6 stm8l15x_clk.o)
  Marking symbol .debug_macinfo197                    (86 stm8l15x_clk.o)
    Marking fragment #193 .debug_macinfo (197 stm8l15x_clk.o)
  Marking symbol __iar_cc..FcVgtASKGF_            Glb (237 stm8l15x_clk.o)
    Marking fragment #164 .debug_info (168 stm8l15x_clk.o)
  Marking symbol __iar_cc..KxnpHKLj9q6            Glb (238 stm8l15x_clk.o)
    Marking fragment #166 .debug_info (170 stm8l15x_clk.o)
Marking from fragment #166 .debug_info (170 stm8l15x_clk.o)
  Marking symbol .debug_abbrev198                     (83 stm8l15x_clk.o)
  Marking symbol .debug_line6                         (85 stm8l15x_clk.o)
  Marking symbol .debug_macinfo197                    (86 stm8l15x_clk.o)
Marking from fragment #164 .debug_info (168 stm8l15x_clk.o)
  Marking symbol .debug_abbrev198                     (83 stm8l15x_clk.o)
  Marking symbol .debug_line6                         (85 stm8l15x_clk.o)
  Marking symbol .debug_macinfo197                    (86 stm8l15x_clk.o)
Marking from fragment #193 .debug_macinfo (197 stm8l15x_clk.o)
Marking from fragment #28 .debug_line (6 stm8l15x_clk.o)
Marking from fragment #194 .debug_abbrev (198 stm8l15x_clk.o)
Marking from fragment #113 .debug_line (105 stm8l15x_clk.o)
  Marking symbol .near_func.text22                    (43 stm8l15x_clk.o)
Marking from fragment #112 .iar.debug_line (104 stm8l15x_clk.o)
  Marking symbol .near_func.text22                    (43 stm8l15x_clk.o)
  Marking symbol .debug_info106                       (143 stm8l15x_clk.o)
Marking from fragment #111 .debug_frame (102 stm8l15x_clk.o)
  Marking symbol .debug_frame102                      (44 stm8l15x_clk.o)
  Marking symbol .near_func.text22                    (43 stm8l15x_clk.o)
Marking from fragment #110 .debug_info (101 stm8l15x_clk.o)
  Marking symbol .debug_abbrev198                     (83 stm8l15x_clk.o)
  Marking symbol .near_func.text21                    (40 stm8l15x_clk.o)
  Marking symbol .near_func.text21                    (40 stm8l15x_clk.o)
  Marking symbol .debug_line100                       (137 stm8l15x_clk.o)
  Marking symbol .iar.debug_line99                    (138 stm8l15x_clk.o)
  Marking symbol .debug_info7                         (84 stm8l15x_clk.o)
  Marking symbol .debug_loc183                        (136 stm8l15x_clk.o)
    Marking fragment #179 .debug_loc (183 stm8l15x_clk.o)
  Marking symbol .near_func.text21                    (40 stm8l15x_clk.o)
  Marking symbol .near_func.text21                    (40 stm8l15x_clk.o)
  Marking symbol .debug_info7                         (84 stm8l15x_clk.o)
  Marking symbol .debug_loc183                        (136 stm8l15x_clk.o)
Marking from fragment #179 .debug_loc (183 stm8l15x_clk.o)
Marking from fragment #109 .debug_line (100 stm8l15x_clk.o)
  Marking symbol .near_func.text21                    (40 stm8l15x_clk.o)
Marking from fragment #108 .iar.debug_line (99 stm8l15x_clk.o)
  Marking symbol .near_func.text21                    (40 stm8l15x_clk.o)
  Marking symbol .debug_info101                       (139 stm8l15x_clk.o)
Marking from fragment #107 .debug_frame (97 stm8l15x_clk.o)
  Marking symbol .debug_frame97                       (41 stm8l15x_clk.o)
  Marking symbol .near_func.text21                    (40 stm8l15x_clk.o)
Marking from fragment #102 .debug_info (91 stm8l15x_clk.o)
  Marking symbol .debug_abbrev198                     (83 stm8l15x_clk.o)
  Marking symbol .near_func.text19                    (34 stm8l15x_clk.o)
  Marking symbol .near_func.text19                    (34 stm8l15x_clk.o)
  Marking symbol .debug_line90                        (129 stm8l15x_clk.o)
  Marking symbol .iar.debug_line89                    (130 stm8l15x_clk.o)
  Marking symbol .debug_info7                         (84 stm8l15x_clk.o)
  Marking symbol .debug_info7                         (84 stm8l15x_clk.o)
  Marking symbol .debug_loc181                        (128 stm8l15x_clk.o)
    Marking fragment #177 .debug_loc (181 stm8l15x_clk.o)
  Marking symbol .near_func.text19                    (34 stm8l15x_clk.o)
  Marking symbol .near_func.text19                    (34 stm8l15x_clk.o)
Marking from fragment #177 .debug_loc (181 stm8l15x_clk.o)
Marking from fragment #101 .debug_line (90 stm8l15x_clk.o)
  Marking symbol .near_func.text19                    (34 stm8l15x_clk.o)
Marking from fragment #100 .iar.debug_line (89 stm8l15x_clk.o)
  Marking symbol .near_func.text19                    (34 stm8l15x_clk.o)
  Marking symbol .debug_info91                        (131 stm8l15x_clk.o)
Marking from fragment #99 .debug_frame (87 stm8l15x_clk.o)
  Marking symbol .debug_frame87                       (35 stm8l15x_clk.o)
  Marking symbol .near_func.text19                    (34 stm8l15x_clk.o)
Marking from fragment #98 .debug_info (86 stm8l15x_clk.o)
  Marking symbol .debug_abbrev198                     (83 stm8l15x_clk.o)
  Marking symbol .near_func.text18                    (31 stm8l15x_clk.o)
  Marking symbol .near_func.text18                    (31 stm8l15x_clk.o)
  Marking symbol .debug_line85                        (125 stm8l15x_clk.o)
  Marking symbol .iar.debug_line84                    (126 stm8l15x_clk.o)
  Marking symbol .debug_info7                         (84 stm8l15x_clk.o)
  Marking symbol .debug_loc180                        (124 stm8l15x_clk.o)
    Marking fragment #176 .debug_loc (180 stm8l15x_clk.o)
  Marking symbol .near_func.text18                    (31 stm8l15x_clk.o)
  Marking symbol .near_func.text18                    (31 stm8l15x_clk.o)
  Marking symbol .debug_info7                         (84 stm8l15x_clk.o)
  Marking symbol .debug_loc180                        (124 stm8l15x_clk.o)
Marking from fragment #176 .debug_loc (180 stm8l15x_clk.o)
Marking from fragment #97 .debug_line (85 stm8l15x_clk.o)
  Marking symbol .near_func.text18                    (31 stm8l15x_clk.o)
Marking from fragment #96 .iar.debug_line (84 stm8l15x_clk.o)
  Marking symbol .near_func.text18                    (31 stm8l15x_clk.o)
  Marking symbol .debug_info86                        (127 stm8l15x_clk.o)
Marking from fragment #95 .debug_frame (82 stm8l15x_clk.o)
  Marking symbol .debug_frame82                       (32 stm8l15x_clk.o)
  Marking symbol .near_func.text18                    (31 stm8l15x_clk.o)
Marking from fragment #25 .iar.debug_frame (41 main.o)
  Marking symbol .near_func.text8                     (4 main.o)
  Marking symbol .debug_frame13                       (5 main.o)
  Marking symbol .debug_info17                        (18 main.o)
Marking from fragment #24 .debug_pubnames (38 main.o)
  Marking symbol .debug_info12                        (25 main.o)
Marking from fragment #20 .debug_aranges (29 main.o)
  Marking symbol .debug_info17                        (18 main.o)
  Marking symbol .near_func.text8                     (4 main.o)
Marking from fragment #19 .debug_pubnames (27 main.o)
  Marking symbol .debug_info17                        (18 main.o)
Marking from fragment #11 .debug_info (17 main.o)
  Marking symbol .debug_abbrev25                      (13 main.o)
    Marking fragment #18 .debug_abbrev (25 main.o)
  Marking symbol .near_func.text8                     (4 main.o)
  Marking symbol .near_func.text8                     (4 main.o)
  Marking symbol .debug_line16                        (15 main.o)
  Marking symbol .iar.debug_line15                    (16 main.o)
  Marking symbol .debug_info7                         (17 main.o)
    Marking fragment #2 .debug_info (7 main.o)
  Marking symbol .debug_loc23                         (14 main.o)
    Marking fragment #16 .debug_loc (23 main.o)
  Marking symbol .near_func.text8                     (4 main.o)
  Marking symbol .near_func.text8                     (4 main.o)
Marking from fragment #16 .debug_loc (23 main.o)
Marking from fragment #2 .debug_info (7 main.o)
  Marking symbol .debug_abbrev25                      (13 main.o)
  Marking symbol .debug_line6                         (23 main.o)
    Marking fragment #1 .debug_line (6 main.o)
  Marking symbol .debug_macinfo36                     (24 main.o)
    Marking fragment #23 .debug_macinfo (36 main.o)
Marking from fragment #23 .debug_macinfo (36 main.o)
Marking from fragment #1 .debug_line (6 main.o)
Marking from fragment #18 .debug_abbrev (25 main.o)
Marking from fragment #10 .debug_line (16 main.o)
  Marking symbol .near_func.text8                     (4 main.o)
Marking from fragment #9 .iar.debug_line (15 main.o)
  Marking symbol .near_func.text8                     (4 main.o)
  Marking symbol .debug_info17                        (18 main.o)
  Marking symbol SystemClock_Init                 Glb (19 sysclock.o)
Marking from fragment #8 .debug_frame (13 main.o)
  Marking symbol .debug_frame13                       (5 main.o)
  Marking symbol .near_func.text8                     (4 main.o)
Marking from fragment #7 .debug_info (12 main.o)
  Marking symbol .debug_abbrev25                      (13 main.o)
  Marking symbol .debug_line6                         (23 main.o)
  Marking symbol .debug_macinfo36                     (24 main.o)
  Marking symbol .debug_info7                         (17 main.o)
  Marking symbol .intvec10                            (10 main.o)

Unused fragments:
  Section name     Index  Offset  Size  Object
  ------------     -----  ------  ----  ------
  .near_func.text      9     0x0   0xa  main.o
    GotoApplication
  .near.rodata         8     0x0   0x5  stm8l15x_clk.o
    SYSDivFactor
  .near_func.text      9     0x0  0x41
    CLK_DeInit
  .near_func.text     10     0x0   0xd
    CLK_HSICmd
  .near_func.text     11     0x0   0xc
    CLK_AdjustHSICalibrationValue
  .near_func.text     12     0x0   0xd
    CLK_LSICmd
  .near_func.text     13     0x0  0x13
    CLK_HSEConfig
  .near_func.text     14     0x0  0x13
    CLK_LSEConfig
  .near_func.text     15     0x0   0x5
    CLK_ClockSecuritySystemEnable
  .near_func.text     16     0x0   0xd
    CLK_ClockSecuritySytemDeglitchCmd
  .near_func.text     17     0x0   0xa
    CLK_CCOConfig
  .near_func.text     20     0x0  0x72
    CLK_GetClockFreq
  .near_func.text     23     0x0   0xa
    CLK_RTCClockConfig
  .near_func.text     24     0x0   0x4
    CLK_BEEPClockConfig
  .near_func.text     25     0x0  0x89
    CLK_PeripheralClockConfig
  .near_func.text     26     0x0   0x5
    CLK_LSEClockSecuritySystemEnable
  .near_func.text     27     0x0   0x5
    CLK_RTCCLKSwitchOnLSEFailureEnable
  .near_func.text     28     0x0  0x1a
    CLK_HaltConfig
  .near_func.text     29     0x0   0xd
    CLK_MainRegulatorCmd
  .near_func.text     30     0x0  0x32
    CLK_ITConfig
  .near_func.text     31     0x0  0x98
    CLK_GetFlagStatus
  .near_func.text     32     0x0   0x5
    CLK_ClearFlag
  .near_func.text     33     0x0  0x4a
    CLK_GetITStatus
  .near_func.text     34     0x0  0x10
    CLK_ClearITPendingBit
  .near_func.text      7     0xd   0xa  cstartup.o
    ??call_ctors
    __iar_cstart_call_ctors
  .vregs               6     0xc   0x4  vregs.o
    ?b12
    ?l3
    ?w6
    ?b13
    ?e3
    ?b14
    ?w7
    ?b15
  .near_func.text      6     0x0   0x5  vreg_util.o
    ?push_w0
  .near_func.text      6     0x5   0x5
    ?push_w1
  .near_func.text      6     0xa   0x5
    ?push_w2
  .near_func.text      6     0xf   0x5
    ?push_w3
  .near_func.text      6    0x19   0x5
    ?push_w5
  .near_func.text      6    0x1e   0x5
    ?push_w6
  .near_func.text      6    0x23   0x5
    ?push_w7
  .near_func.text      6    0x3b   0x7
    ?pop_w0
  .near_func.text      6    0x42   0x7
    ?pop_w1
  .near_func.text      6    0x49   0x7
    ?pop_w2
  .near_func.text      6    0x50   0x7
    ?pop_w3
  .near_func.text      6    0x57   0x7
    ?pop_w4
  .near_func.text      6    0x5e   0x7
    ?pop_w5
  .near_func.text      6    0x65   0x7
    ?pop_w6
  .near_func.text      6    0x6c   0x7
    ?pop_w7
  .near_func.text      6    0x73   0x8
  .near_func.text      6    0x7b  0x18
    ?push_e0
  .near_func.text      6    0x93  0x18
    ?push_e1
  .near_func.text      6    0xab  0x18
    ?push_e2
  .near_func.text      6    0xc3  0x18
    ?push_e3
  .near_func.text      6    0xdb   0xf
    ?pop_e0
  .near_func.text      6    0xea   0xf
    ?pop_e1
  .near_func.text      6    0xf9   0xf
    ?pop_e2
  .near_func.text      6   0x108   0xf
    ?pop_e3
  .near_func.text      6   0x117   0xb
  .near_func.text      6   0x122   0x5
    ?push_l0
  .near_func.text      6   0x127   0x5
    ?push_l1
  .near_func.text      6   0x12c   0x5
    ?push_l2
  .near_func.text      6   0x131   0x5
    ?push_l3
  .near_func.text      6   0x136  0x1d
  .near_func.text      6   0x153   0xb
    ?pop_l0
  .near_func.text      6   0x15e   0xb
    ?pop_l1
  .near_func.text      6   0x169   0xb
    ?pop_l2
  .near_func.text      6   0x174   0xb
    ?pop_l3
  .near_func.text      6   0x17f   0x8
  .near_func.text      6   0x187   0x3
    ?epilogue_l2_l3
  .near_func.text      6   0x18a   0x4
    ?epilogue_l2
  .near_func.text      6   0x18e   0x7
    ?epilogue_l2_w6
  .near_func.text      6   0x195   0x4
    ?epilogue_w4
  .near_func.text      6   0x199   0x7
    ?mov_w0_w1
  .near_func.text      6   0x1a0   0x7
    ?mov_w0_w2
  .near_func.text      6   0x1a7   0x7
    ?mov_w0_w3
  .near_func.text      6   0x1ae   0x7
    ?mov_w0_w4
  .near_func.text      6   0x1b5   0x7
    ?mov_w0_w5
  .near_func.text      6   0x1bc   0x7
    ?mov_w0_w6
  .near_func.text      6   0x1c3   0x7
    ?mov_w0_w7
  .near_func.text      6   0x1ca   0x7
    ?mov_w1_w0
  .near_func.text      6   0x1d1   0x7
    ?mov_w1_w2
  .near_func.text      6   0x1d8   0x7
    ?mov_w1_w4
  .near_func.text      6   0x1df   0x7
    ?mov_w1_w6
  .near_func.text      6   0x1e6   0x7
    ?mov_w2_w0
  .near_func.text      6   0x1ed   0x7
    ?mov_w2_w1
  .near_func.text      6   0x1f4   0x7
    ?mov_w2_w3
  .near_func.text      6   0x1fb   0x7
    ?mov_w2_w4
  .near_func.text      6   0x202   0x7
    ?mov_w2_w5
  .near_func.text      6   0x209   0x7
    ?mov_w2_w6
  .near_func.text      6   0x210   0x7
    ?mov_w2_w7
  .near_func.text      6   0x217   0x7
    ?mov_w3_w0
  .near_func.text      6   0x21e   0x7
    ?mov_w3_w2
  .near_func.text      6   0x225   0x7
    ?mov_w3_w4
  .near_func.text      6   0x22c   0x7
    ?mov_w3_w6
  .near_func.text      6   0x233   0x7
    ?mov_w4_w0
  .near_func.text      6   0x23a   0x7
    ?mov_w4_w1
  .near_func.text      6   0x241   0x7
    ?mov_w4_w2
  .near_func.text      6   0x248   0x7
    ?mov_w4_w3
  .near_func.text      6   0x24f   0x7
    ?mov_w4_w5
  .near_func.text      6   0x256   0x7
    ?mov_w4_w6
  .near_func.text      6   0x25d   0x7
    ?mov_w4_w7
  .near_func.text      6   0x264   0x7
    ?mov_w5_w0
  .near_func.text      6   0x26b   0x7
    ?mov_w5_w2
  .near_func.text      6   0x272   0x7
    ?mov_w5_w4
  .near_func.text      6   0x279   0x7
    ?mov_w5_w6
  .near_func.text      6   0x280   0x7
    ?mov_w6_w0
  .near_func.text      6   0x287   0x7
    ?mov_w6_w1
  .near_func.text      6   0x28e   0x7
    ?mov_w6_w2
  .near_func.text      6   0x295   0x7
    ?mov_w6_w3
  .near_func.text      6   0x29c   0x7
    ?mov_w6_w4
  .near_func.text      6   0x2a3   0x7
    ?mov_w6_w5
  .near_func.text      6   0x2aa   0x7
    ?mov_w6_w7
  .near_func.text      6   0x2b1   0x7
    ?mov_w7_w0
  .near_func.text      6   0x2b8   0x7
    ?mov_w7_w2
  .near_func.text      6   0x2bf   0x7
    ?mov_w7_w4
  .near_func.text      6   0x2c6   0x7
    ?mov_w7_w6
  .near_func.text      6   0x2cd   0x3
    ?mov_l0_l1
  .near_func.text      6   0x2d0   0x3
    ?mov_e0_e1
  .near_func.text      6   0x2d3   0x7
    ?mov_w1_w3
  .near_func.text      6   0x2da   0x3
    ?mov_l0_l2
  .near_func.text      6   0x2dd   0x3
    ?mov_e0_e2
  .near_func.text      6   0x2e0   0x7
    ?mov_w1_w5
  .near_func.text      6   0x2e7   0x3
    ?mov_l0_l3
  .near_func.text      6   0x2ea   0x3
    ?mov_e0_e3
  .near_func.text      6   0x2ed   0x7
    ?mov_w1_w7
  .near_func.text      6   0x2f4   0x3
    ?mov_l1_l0
  .near_func.text      6   0x2f7   0x3
    ?mov_e1_e0
  .near_func.text      6   0x2fa   0x7
    ?mov_w3_w1
  .near_func.text      6   0x301   0x3
    ?mov_l1_l2
  .near_func.text      6   0x304   0x3
    ?mov_e1_e2
  .near_func.text      6   0x307   0x7
    ?mov_w3_w5
  .near_func.text      6   0x30e   0x3
    ?mov_l1_l3
  .near_func.text      6   0x311   0x3
    ?mov_e1_e3
  .near_func.text      6   0x314   0x7
    ?mov_w3_w7
  .near_func.text      6   0x31b   0x3
    ?mov_l2_l0
  .near_func.text      6   0x31e   0x3
    ?mov_e2_e0
  .near_func.text      6   0x321   0x7
    ?mov_w5_w1
  .near_func.text      6   0x328   0x3
    ?mov_l2_l1
  .near_func.text      6   0x32b   0x3
    ?mov_e2_e1
  .near_func.text      6   0x32e   0x7
    ?mov_w5_w3
  .near_func.text      6   0x335   0x3
    ?mov_l2_l3
  .near_func.text      6   0x338   0x3
    ?mov_e2_e3
  .near_func.text      6   0x33b   0x7
    ?mov_w5_w7
  .near_func.text      6   0x342   0x3
    ?mov_l3_l0
  .near_func.text      6   0x345   0x3
    ?mov_e3_e0
  .near_func.text      6   0x348   0x7
    ?mov_w7_w1
  .near_func.text      6   0x34f   0x3
    ?mov_l3_l1
  .near_func.text      6   0x352   0x3
    ?mov_e3_e1
  .near_func.text      6   0x355   0x7
    ?mov_w7_w3
  .near_func.text      6   0x35c   0x3
    ?mov_l3_l2
  .near_func.text      6   0x35f   0x3
    ?mov_e3_e2
  .near_func.text      6   0x362   0x7
    ?mov_w7_w5
  .near_func.text      6     0x0  0x1e  short.o
    ?mul16_x_x_w0
  .near_func.text      6    0x1e  0x19
    ?sdiv16_x_x_y
  .near_func.text      6    0x37  0x10
    ?smod16_y_x_y
  .near_func.text      6    0x47   0x3
    ?and16_x_x_dw
  .near_func.text      6    0x4a   0x8
    ?and16_x_x_w0
  .near_func.text      6    0x52   0x8
    ?and16_x_x_w1
  .near_func.text      6    0x5a   0x8
    ?and16_x_x_w2
  .near_func.text      6    0x62   0x8
    ?and16_x_x_w3
  .near_func.text      6    0x6a   0x8
    ?and16_x_x_w4
  .near_func.text      6    0x72   0x8
    ?and16_x_x_w5
  .near_func.text      6    0x7a   0x8
    ?and16_x_x_w6
  .near_func.text      6    0x82   0x8
    ?and16_x_x_w7
  .near_func.text      6    0x8a   0x3
    ?or16_x_x_dw
  .near_func.text      6    0x8d   0x8
    ?or16_x_x_w0
  .near_func.text      6    0x95   0x8
    ?or16_x_x_w1
  .near_func.text      6    0x9d   0x8
    ?or16_x_x_w2
  .near_func.text      6    0xa5   0x8
    ?or16_x_x_w3
  .near_func.text      6    0xad   0x8
    ?or16_x_x_w4
  .near_func.text      6    0xb5   0x8
    ?or16_x_x_w5
  .near_func.text      6    0xbd   0x8
    ?or16_x_x_w6
  .near_func.text      6    0xc5   0x8
    ?or16_x_x_w7
  .near_func.text      6    0xcd   0x3
    ?xor16_x_x_dw
  .near_func.text      6    0xd0   0x8
    ?xor16_x_x_w0
  .near_func.text      6    0xd8   0x8
    ?xor16_x_x_w1
  .near_func.text      6    0xe0   0x8
    ?xor16_x_x_w2
  .near_func.text      6    0xe8   0x8
    ?xor16_x_x_w3
  .near_func.text      6    0xf0   0x8
    ?xor16_x_x_w4
  .near_func.text      6    0xf8   0x8
    ?xor16_x_x_w5
  .near_func.text      6   0x100   0x8
    ?xor16_x_x_w6
  .near_func.text      6   0x108   0x8
    ?xor16_x_x_w7
  .near_func.text      6   0x110   0x8
    ?sll16_x_x_a
  .near_func.text      6   0x118   0x8
    ?srl16_x_x_a
  .near_func.text      6   0x120   0x8
    ?sra16_x_x_a
  .near_func.text      6   0x128   0x1
    ?sll16_x_x_15
  .near_func.text      6   0x129   0x1
    ?sll16_x_x_14
  .near_func.text      6   0x12a   0x1
    ?sll16_x_x_13
  .near_func.text      6   0x12b   0x1
    ?sll16_x_x_12
  .near_func.text      6   0x12c   0x1
    ?sll16_x_x_11
  .near_func.text      6   0x12d   0x1
    ?sll16_x_x_10
  .near_func.text      6   0x12e   0x1
    ?sll16_x_x_9
  .near_func.text      6   0x12f   0x1
    ?sll16_x_x_8
  .near_func.text      6   0x130   0x1
    ?sll16_x_x_7
  .near_func.text      6   0x131   0x1
    ?sll16_x_x_6
  .near_func.text      6   0x132   0x1
    ?sll16_x_x_5
  .near_func.text      6   0x133   0x5
    ?sll16_x_x_4
  .near_func.text      6   0x138   0x1
    ?srl16_x_x_15
  .near_func.text      6   0x139   0x1
    ?srl16_x_x_14
  .near_func.text      6   0x13a   0x1
    ?srl16_x_x_13
  .near_func.text      6   0x13b   0x1
    ?srl16_x_x_12
  .near_func.text      6   0x13c   0x1
    ?srl16_x_x_11
  .near_func.text      6   0x13d   0x1
    ?srl16_x_x_10
  .near_func.text      6   0x13e   0x1
    ?srl16_x_x_9
  .near_func.text      6   0x13f   0x1
    ?srl16_x_x_8
  .near_func.text      6   0x140   0x1
    ?srl16_x_x_7
  .near_func.text      6   0x141   0x1
    ?srl16_x_x_6
  .near_func.text      6   0x142   0x1
    ?srl16_x_x_5
  .near_func.text      6   0x143   0x5
    ?srl16_x_x_4
  .near_func.text      6   0x148   0x1
    ?sra16_x_x_15
  .near_func.text      6   0x149   0x1
    ?sra16_x_x_14
  .near_func.text      6   0x14a   0x1
    ?sra16_x_x_13
  .near_func.text      6   0x14b   0x1
    ?sra16_x_x_12
  .near_func.text      6   0x14c   0x1
    ?sra16_x_x_11
  .near_func.text      6   0x14d   0x1
    ?sra16_x_x_10
  .near_func.text      6   0x14e   0x1
    ?sra16_x_x_9
  .near_func.text      6   0x14f   0x1
    ?sra16_x_x_8
  .near_func.text      6   0x150   0x1
    ?sra16_x_x_7
  .near_func.text      6   0x151   0x1
    ?sra16_x_x_6
  .near_func.text      6   0x152   0x1
    ?sra16_x_x_5
  .near_func.text      6   0x153   0x5
    ?sra16_x_x_4
  .near_func.text      6   0x158   0x7
    ?sext16_x_a
  .near_func.text      6     0x0  0x10  long.o
    ?neg32_l0_l0
  .near_func.text      6    0x10   0x5
    ?inc32_l0_l0
  .near_func.text      6    0x15   0x5
    ?inc32_l1_l1
  .near_func.text      6    0x1a   0x5
    ?inc32_l2_l2
  .near_func.text      6    0x1f   0x5
    ?inc32_l3_l3
  .near_func.text      6    0x24   0xe
    ?inc32_0x_0x
  .near_func.text      6    0x32   0x5
    ?dec32_l0_l0
  .near_func.text      6    0x37   0x5
    ?dec32_l1_l1
  .near_func.text      6    0x3c   0x5
    ?dec32_l2_l2
  .near_func.text      6    0x41   0x5
    ?dec32_l3_l3
  .near_func.text      6    0x46  0x14
    ?dec32_0x_0x
  .near_func.text      6    0x5a   0x5
    ?add32_l0_l0_dl
  .near_func.text      6    0x5f   0x3
    ?add32_l0_l0_l1
  .near_func.text      6    0x62  0x18
    ?add32_l0_l0_0x
  .near_func.text      6    0x7a   0x5
    ?sub32_l0_l0_dl
  .near_func.text      6    0x7f   0x3
    ?sub32_l0_dl_l1
  .near_func.text      6    0x82   0x3
    ?sub32_l0_l0_l1
  .near_func.text      6    0x85  0x18
    ?sub32_l0_l0_0x
  .near_func.text      6    0x9d   0x3
    ?mul32_l0_l0_dl
  .near_func.text      6    0xa0   0x9
    ?mul32_l0_l0_0x
  .near_func.text      6    0xa9  0x7e
    ?mul32_l0_l0_l1
  .near_func.text      6   0x127   0x5
    ?umod32_l1_dl_l1
  .near_func.text      6   0x12c   0x5
    ?umod32_l1_l0_dl
  .near_func.text      6   0x131   0x5
    ?udiv32_l0_dl_l1
  .near_func.text      6   0x136   0x3
    ?udiv32_l0_l0_dl
  .near_func.text      6   0x139  0x6d
    ?udiv32_l0_l0_l1
    ?umod32_l1_l0_l1
  .near_func.text      6   0x1a6   0x5
    ?smod32_l1_dl_l1
  .near_func.text      6   0x1ab   0x5
    ?smod32_l1_l0_dl
  .near_func.text      6   0x1b0   0x5
    ?sdiv32_l0_dl_l1
  .near_func.text      6   0x1b5   0x3
    ?sdiv32_l0_l0_dl
  .near_func.text      6   0x1b8  0x46
    ?sdiv32_l0_l0_l1
    ?smod32_l1_l0_l1
  .near_func.text      6   0x1fe  0x10
    ?ucmp32_c_l0_0x
  .near_func.text      6   0x20e   0xb
    ?ucmp32_c_l0_l1
  .near_func.text      6   0x219   0x9
    ?scmp32_c_l0_0x
  .near_func.text      6   0x222  0x17
    ?scmp32_c_l0_l1
  .near_func.text      6   0x239   0x9
    ?not32_l0_l0
  .near_func.text      6   0x242   0x3
    ?and32_l0_l0_l1
  .near_func.text      6   0x245  0x18
    ?and32_l0_l0_0x
  .near_func.text      6   0x25d   0x3
    ?or32_l0_l0_l1
  .near_func.text      6   0x260  0x18
    ?or32_l0_l0_0x
  .near_func.text      6   0x278   0x3
    ?xor32_l0_l0_l1
  .near_func.text      6   0x27b  0x18
    ?xor32_l0_l0_0x
  .near_func.text      6   0x293   0x4
    ?sll32_l0_l0_db
  .near_func.text      6   0x297   0x3
    ?sll32_l0_l0_a
  .near_func.text      6   0x29a   0xe
    ?sll32_0x_0x_a
  .near_func.text      6   0x2a8   0x4
    ?srl32_l0_l0_db
  .near_func.text      6   0x2ac   0x3
    ?srl32_l0_l0_a
  .near_func.text      6   0x2af   0xe
    ?srl32_0x_0x_a
  .near_func.text      6   0x2bd   0x4
    ?sra32_l0_l0_db
  .near_func.text      6   0x2c1   0x3
    ?sra32_l0_l0_a
  .near_func.text      6   0x2c4   0xe
    ?sra32_0x_0x_a
  .near_func.text      6   0x2d2   0xb
    ?sext32_l0_x
  .near_func.text      6   0x2dd   0xd
    ?sext32_l0_a
  .near_func.text      6     0x0  0x1d  cppinit.o
    __call_ctors
  .iar.dynexit         7     0x0   0x6
    DtorRecArray
  .near.data           8     0x0   0x2
    next_abi_dtor_rec
  .near_func.text      9     0x0  0x35
    __cxa_atexit
  .near_func.text     10     0x0  0x4a
    __cxa_finalize
  .near_func.text     10    0x4a   0x4
    __call_dtors
  .near.bss           11     0x0   0x2
    __dso_handle
  .near_func.text      6     0x0   0x7  dc_util.o
    ?dc8_px
  .near_func.text      6     0x7   0xe
    ?dc16_w0
  .near_func.text      6    0x15   0xe
    ?dc16_w1
  .near_func.text      6    0x23   0xe
    ?dc16_w2
  .near_func.text      6    0x31   0xe
    ?dc16_w3
  .near_func.text      6    0x3f   0xe
    ?dc16_w4
  .near_func.text      6    0x4d   0xe
    ?dc16_w5
  .near_func.text      6    0x5b   0xe
    ?dc16_w6
  .near_func.text      6    0x69   0xe
    ?dc16_w7
  .near_func.text      6    0x77   0x9
    ?dc16_px
  .near_func.text      6    0x80   0xd
    ?dc32_l0
  .near_func.text      6    0x8d   0xd
    ?dc32_l1
  .near_func.text      6    0x9a   0xd
    ?dc32_l2
  .near_func.text      6    0xa7   0xd
    ?dc32_l3
  .near_func.text      6    0xb4   0xb
    ?dc32_px
  .near_func.text      6     0x1   0x3  cexit.o
    __cstart_call_dtors
  .near_func.text      6     0x4   0x3
    __cstart_closeall
  .near_func.text      6     0x7   0x3
    __cstart_clearlocks
  .near_func.text      6     0x0   0x5  long_util.o
    ?load32_l0_dbsp
  .near_func.text      6     0x5   0x2
    ?load32_l0_asp
  .near_func.text      6     0x7   0x9
    ?load32_l0_xsp
  .near_func.text      6    0x10   0xc
    ?load32_l0_0x
  .near_func.text      6    0x1c   0x5
    ?load32_l1_dbsp
  .near_func.text      6    0x21   0x2
    ?load32_l1_asp
  .near_func.text      6    0x23   0x9
    ?load32_l1_xsp
  .near_func.text      6    0x2c   0xc
    ?load32_l1_0x
  .near_func.text      6    0x38   0x5
    ?load32_l2_dbsp
  .near_func.text      6    0x3d   0x2
    ?load32_l2_asp
  .near_func.text      6    0x3f   0x9
    ?load32_l2_xsp
  .near_func.text      6    0x48   0xc
    ?load32_l2_0x
  .near_func.text      6    0x54   0x5
    ?load32_l3_dbsp
  .near_func.text      6    0x59   0x2
    ?load32_l3_asp
  .near_func.text      6    0x5b   0x9
    ?load32_l3_xsp
  .near_func.text      6    0x64   0xc
    ?load32_l3_0x
  .near_func.text      6    0x70   0x5
    ?load32_dbsp_l0
  .near_func.text      6    0x75   0x2
    ?load32_asp_l0
  .near_func.text      6    0x77   0xa
    ?load32_xsp_l0
  .near_func.text      6    0x81   0xe
    ?load32_0x_l0
  .near_func.text      6    0x8f   0x5
    ?load32_dbsp_l1
  .near_func.text      6    0x94   0x2
    ?load32_asp_l1
  .near_func.text      6    0x96   0xa
    ?load32_xsp_l1
  .near_func.text      6    0xa0   0xe
    ?load32_0x_l1
  .near_func.text      6    0xae   0x5
    ?load32_dbsp_l2
  .near_func.text      6    0xb3   0x2
    ?load32_asp_l2
  .near_func.text      6    0xb5   0xa
    ?load32_xsp_l2
  .near_func.text      6    0xbf   0xe
    ?load32_0x_l2
  .near_func.text      6    0xcd   0x5
    ?load32_dbsp_l3
  .near_func.text      6    0xd2   0x2
    ?load32_asp_l3
  .near_func.text      6    0xd4   0xa
    ?load32_xsp_l3
  .near_func.text      6    0xde   0xe
    ?load32_0x_l3
  .near_func.text      6     0x0   0xb  xcloseall.o
    _Close_all
  .near_func.text      8     0x0   0x9  __dbg_xxwrite.o
    __write
  .near_func.text      8     0x0  0x16  __dbg_xxdwrite.o
    __dwrite
